0:100  0:100  MemLog inited, TSC freq: 2808399330
0:100  0:000  CPU was calibrated without ACPI PM Timer: ACPI I/O space is not enabled., use RTC
0:100  0:000  
0:100  0:000  Now is 6.1.2018,  22:56:0 (GMT)
0:100  0:000  Starting Clover revision: 4333 on American Megatrends EFI
0:100  0:000  Build with: [Args: -mc --no-usb -D NO_GRUB_DRIVERS_EMBEDDED -t XCODE8 | -D DISABLE_USB_SUPPORT -D NO_GRUB_DRIVERS_EMBEDDED -D USE_BIOS_BLOCKIO -D USE_LOW_EBDA -a X64 -b RELEASE -t XCODE8 -n 5 | OS: 10.13.1 | XCODE: 9.1]
0:100  0:000  SelfDevicePath=PciRoot(0x0)\Pci(0x14,0x0)\USB(0x12,0x0)\HD(1,GPT,369E5865-9B8D-45AF-A52E-50CB59206105,0x28,0x64000) @6C2C7A98
0:100  0:000  SelfDirPath = \EFI\BOOT
0:102  0:002  === [ Get Smbios ] ========================================
0:111  0:008  Type 16 Index = 0
0:111  0:000  Total Memory Slots Count = 4
0:111  0:000  Type 17 Index = 0
0:111  0:000  Ignoring insane frequency value 0MHz
0:111  0:000  SmbiosTable.Type17->Speed = 0MHz
0:111  0:000  SmbiosTable.Type17->Size = 0MB
0:111  0:000  SmbiosTable.Type17->Bank/Device = BANK 0 ChannelA-DIMM0
0:111  0:000  SmbiosTable.Type17->Vendor = <null string>
0:111  0:000  SmbiosTable.Type17->SerialNumber = <null string>
0:111  0:000  SmbiosTable.Type17->PartNumber = <null string>
0:111  0:000  Type 17 Index = 1
0:111  0:000  Ignoring insane frequency value 0MHz
0:111  0:000  SmbiosTable.Type17->Speed = 0MHz
0:111  0:000  SmbiosTable.Type17->Size = 0MB
0:111  0:000  SmbiosTable.Type17->Bank/Device = BANK 1 ChannelA-DIMM1
0:111  0:000  SmbiosTable.Type17->Vendor = <null string>
0:111  0:000  SmbiosTable.Type17->SerialNumber = <null string>
0:111  0:000  SmbiosTable.Type17->PartNumber = <null string>
0:111  0:000  Type 17 Index = 2
0:111  0:000  SmbiosTable.Type17->Speed = 2400MHz
0:111  0:000  SmbiosTable.Type17->Size = 8192MB
0:111  0:000  SmbiosTable.Type17->Bank/Device = BANK 2 ChannelB-DIMM0
0:111  0:000  SmbiosTable.Type17->Vendor = Kingston
0:111  0:000  SmbiosTable.Type17->SerialNumber = 21199578
0:111  0:000  SmbiosTable.Type17->PartNumber = CBD24D4S7S8MA-8     
0:111  0:000  Type 17 Index = 3
0:111  0:000  Ignoring insane frequency value 0MHz
0:111  0:000  SmbiosTable.Type17->Speed = 0MHz
0:111  0:000  SmbiosTable.Type17->Size = 0MB
0:111  0:000  SmbiosTable.Type17->Bank/Device = BANK 3 ChannelB-DIMM1
0:111  0:000  SmbiosTable.Type17->Vendor = <null string>
0:111  0:000  SmbiosTable.Type17->SerialNumber = <null string>
0:111  0:000  SmbiosTable.Type17->PartNumber = <null string>
0:111  0:000  Boot status=0
0:111  0:000  Running on: 'GE5S' with board 'Standard'
0:111  0:000  === [ GetCPUProperties ] ==================================
0:111  0:000  CPU Vendor = 756E6547 Model=906E9
0:111  0:000   The CPU supported SSE4.1
0:111  0:000  BrandString = Intel(R) Core(TM) i7-7700HQ CPU @ 2.80GHz
0:111  0:000   The CPU supported turbo
0:111  0:000  MSR 0x35               40008
0:111  0:000   TSC/CCC Information Leaf:
0:111  0:000    numerator     : 234
0:111  0:000    denominator   : 2
0:111  0:000   Calibrated ARTFrequency: 24003413
0:111  0:000  MSR 0xE2 before patch 1E008004
0:111  0:000  MSR 0xE2 is locked, PM patches will be turned on
0:111  0:000  MSR 0xCE              0008083B_F1011C00
0:111  0:000  MSR 0x1A0             00850089
0:111  0:000  corrected FLEX_RATIO = 0
0:111  0:000  MSR 0x1B0             00000000
0:111  0:000  FSBFrequency = 96 MHz, DMI FSBFrequency = 100 MHz, Corrected FSBFrequency = 100 MHz
0:111  0:000  MaxDiv/MinDiv: 28.0/8
0:111  0:000  Turbo: 34/35/36/38
0:111  0:000  Features: 0xBFEBFBFF
0:111  0:000  Threads: 8
0:111  0:000  Cores: 4
0:111  0:000  FSB: 100 MHz
0:111  0:000  CPU: 2700 MHz
0:111  0:000  TSC: 2700 MHz
0:111  0:000  PIS: 100 MHz
0:111  0:000  ExternalClock: 25 MHz
0:111  0:000  === [ GetDevices ] ========================================
0:111  0:000  PCI (00|00:00.00) : 8086 5910 class=060000
0:111  0:000  PCI (00|00:01.00) : 8086 1901 class=060400
0:111  0:000  PCI (00|01:00.00) : 10DE 1C20 class=030000
0:111  0:000   - GFX: Model=GeForce GTX 1060 family 136 (Nvidia)
0:111  0:000  PCI (00|01:00.01) : FFFF FFFF class=FFFFFF
0:111  0:000  PCI (00|00:02.00) : 8086 591B class=030000
0:111  0:000   - GFX: Model=Intel HD Graphics 630 (Intel)
0:111  0:000  PCI (00|00:08.00) : 8086 1911 class=088000
0:111  0:000  PCI (00|00:14.00) : 8086 A12F class=0C0330
0:111  0:000  PCI (00|00:14.02) : 8086 A131 class=118000
0:111  0:000  PCI (00|00:16.00) : 8086 A13A class=078000
0:111  0:000  PCI (00|00:17.00) : 8086 A103 class=010601
0:111  0:000  PCI (00|00:1C.00) : 8086 A113 class=060400
0:111  0:000  PCI (00|02:00.00) : 10EC 5287 class=FF0000
0:111  0:000  PCI (00|02:00.01) : 10EC 8168 class=020000
0:111  0:000   - LAN: 0 Vendor=Realtek
0:111  0:000  PCI (00|00:1C.04) : 8086 A114 class=060400
0:111  0:000  PCI (00|03:00.00) : 8086 24FB class=028000
0:111  0:000   - WIFI: Vendor=Intel
0:111  0:000  PCI (00|00:1F.00) : 8086 A152 class=060100
0:112  0:000  PCI (00|00:1F.02) : 8086 A121 class=058000
0:112  0:000  PCI (00|00:1F.03) : 8086 A171 class=040300
0:112  0:000  PCI (00|00:1F.04) : 8086 A123 class=0C0500
0:112  0:000  === [ GetDefaultSettings ] ================================
0:112  0:000  Clover load options size = 0 bytes
0:127  0:015  EFI\CLOVER\config.plist loaded: Success
0:136  0:008  === [ GetListOfThemes ] ===================================
0:141  0:004  - [00]: SimpleThemeDark
0:145  0:004  - [01]: Yosemite
0:154  0:008  === [ Found config plists ] ===============================
0:154  0:000  - config.plist
0:154  0:000  - config-bak.plist
0:155  0:001  === [ GetEarlyUserSettings ] ==============================
0:155  0:000  timeout set to 5
0:155  0:000  Custom boot CUSTOM_BOOT_DISABLED (0x0)
0:155  0:000  ForceKextsToLoad: 1 requested
0:155  0:000   - [0]: System\Library\Extensions\IONetworkingFamily.kext
0:155  0:000  KextsToPatch: 7 requested
0:155  0:000   - [00]: disabled:AppleIntelFramebufferCapri (HDMI-audio HD4000 0x01660003, port 0205) :: BinPatch :: data len: 12
0:155  0:000   - [01]: disabled:AppleIntelFramebufferCapri (HDMI-audio HD4000 0x01660003, port 0304) :: BinPatch :: data len: 12
0:155  0:000   - [02]: disabled:AppleIntelFramebufferCapri (HDMI-audio HD4000 0x01660003, port 0406) :: BinPatch :: data len: 12
0:155  0:000   - [03]: disabled:IOAHCIBlockStorage (Enable TRIM for SSD) :: BinPatch :: data len: 11
0:155  0:000   - [04]: disabled:IOGraphicsFamily (Boot graphics glitch, 10.10.0/10.10.1 (1 of 2)) :: BinPatch :: data len: 5
0:155  0:000   - [05]: disabled:IOGraphicsFamily (Boot graphics glitch, 10.10.0/10.10.1 (2 of 2)) :: BinPatch :: data len: 5
0:155  0:000   - [06]: disabled:IOGraphicsFamily (Boot graphics glitch, 10.10.2) :: BinPatch :: data len: 5
0:155  0:000  Default theme: Bluemac
0:155  0:000  ** Warning: unknown custom entry Type 'Other'
0:155  0:000  === [ LoadDrivers ] =======================================
0:155  0:000  Loading apfs.efi  status=Success
0:178  0:023   - driver needs connecting
0:178  0:000  Loading FSInject-64.efi  status=Success
0:181  0:002  Loading HFSPlus.efi  status=Success
0:188  0:006   - driver needs connecting
0:188  0:000  Loading OsxAptioFix2Drv-free2000.efi  status=Success
0:191  0:002  Loading OsxFatBinaryDrv-64.efi  status=Success
0:196  0:005  Loading FirmwareVolume-64.efi  status=Success
0:203  0:007  Loading EmuVariableUefi-64.efi  status=Success
0:206  0:002  EmuVariableUefi Initialize: VariableCommonInitialize = Success, orig services stored, install gEmuVariableControlProtocolGuid = Success
0:206  0:000  Loading DataHubDxe-64.efi  status=Success
0:210  0:003  2 drivers needs connecting ...
0:210  0:000  PlatformDriverOverrideProtocol not found. Installing ... Success
0:210  0:000  HFS+ driver loaded
0:210  0:000  APFS driver loaded
0:210  0:000  Searching for invalid DiskIo BY_DRIVER connects:
0:210  0:000   - Handle 6DC29818 with DiskIo, is Partition, no Fs, BY_DRIVER Agent: 6DC87F98, Disconnect: Success
1:213  1:002  EmuVariable InstallEmulation: orig vars copied, emu.var.services installed, CreateEvent VirtualAddressChange = Success, CreateEvent ExitBootServices = Success, set Status=Success
1:288  0:075  === [ InitScreen ] ========================================
1:288  0:000  SetMaxResolution: found best mode 0: 1920x1080
1:288  0:000   - already set
1:288  0:000  Console modes reported: 4, available modes:
1:288  0:000   - [01]: 80x25
1:288  0:000   - [02]: 80x50
1:288  0:000   - [03]: 100x31 (current mode)
1:288  0:000   - [04]: 240x56
1:288  0:000  SetScreenResolution: 1920x1080 - already set
1:288  0:000  reinit: self device path=PciRoot(0x0)\Pci(0x14,0x0)\USB(0x12,0x0)\HD(1,GPT,369E5865-9B8D-45AF-A52E-50CB59206105,0x28,0x64000)
1:289  0:000  Using embedded font: Success
1:290  0:000  === [ GetMacAddress ] =====================================
1:290  0:000  MAC address of LAN #0= B0:25:AA:24:F3:0C:
1:290  0:000  === [ ScanSPD ] ===========================================
1:290  0:000  SMBus device : 8086 A123 class=0C0500 status=Success
1:290  0:000  SMBus CmdReg: 0x3
1:290  0:000  Scanning SMBus [8086:A123], mmio: 0xDF32A004, ioport: 0xF040, hostc: 0x11
1:290  0:000  Slots to scan [8]...
1:291  0:000  SPD[2]: Type 12 @0x52
1:309  0:017  Not using XMP because it is not present
1:309  0:000  DDR speed 2400MHz
1:309  0:000  Slot: 2 Type 26 8192MB 2400MHz Vendor=Kingston PartNo=CBD24D4S7S8MA-8 SerialNo=0201010909050708
1:310  0:000  === [ GetAcpiTablesList ] =================================
1:316  0:006  Get Acpi Tables List from RSDT:
1:316  0:000   - [00]: FACP  PARADISE len=132
1:316  0:000   - [01]: APIC  PARADISE len=188
1:316  0:000   - [02]: FPDT  PARADISE len=68
1:316  0:000   - [03]: FIDT  PARADISE len=156
1:316  0:000   - [04]: MCFG  PARADISE len=60
1:316  0:000   - [05]: SSDT  SataTabl len=857
1:316  0:000   - [06]: MSDM  PARADISE len=85
1:316  0:000   - [07]: SLIC  PARADISE len=374
1:316  0:000   - [08]: SSDT  SaSsdt  len=12662
1:316  0:000   - [09]: SSDT  PegSsdt len=10551
1:316  0:000   - [10]: HPET  KBL len=56
1:316  0:000   - [11]: SSDT  xh_rvp11 len=2282
1:316  0:000   - [12]: UEFI  PARADISE len=66
1:316  0:000   - [13]: SSDT  CpuSsdt len=3806
1:316  0:000   - [14]: LPIT  KBL len=148
1:316  0:000   - [15]: SSDT  HdaDsp len=321
1:316  0:000   - [16]: SSDT  sensrhub len=671
1:316  0:000   - [17]: SSDT  TbtTypeC len=1303
1:316  0:000   - [18]: DBGP   len=52
1:316  0:000   - [19]: DBG2   len=97
1:316  0:000   - [20]: SSDT  SgPeg len=174
1:316  0:000   - [21]: DMAR  KBL  len=168
1:316  0:000   - [22]: TPM2  PARADISE len=52
1:316  0:000   - [23]: BGRT  PARADISE len=56
1:316  0:000   - [24]: SSDT  OptTabl len=7643
1:316  0:000   - [25]: WSMT  PARADISE len=40
1:316  0:000  Calibrated TSC Frequency = 2808399330 = 2808MHz
1:316  0:000  === [ GetUserSettings ] ===================================
1:316  0:000  USB FixOwnership: yes
1:316  0:000  Dropping 6 tables:
1:316  0:000   - [00]: Drop table  signature="DMAR" (52414D44)
1:316  0:000           - set table: 52414D44,                0 to drop: yes
1:316  0:000   - [01]: Drop table  signature="SSDT" (54445353) table-id="CpuPm" (0000006D50757043)
1:316  0:000           - set table: 54445353,       6D50757043 to drop: no
1:316  0:000   - [02]: Drop table  signature="SSDT" (54445353) table-id="Cpu0Cst" (0074734330757043)
1:316  0:000           - set table: 54445353,   74734330757043 to drop: no
1:316  0:000   - [03]: Drop table  signature="SSDT" (54445353) table-id="Cpu0Ist" (0074734930757043)
1:316  0:000           - set table: 54445353,   74734930757043 to drop: no
1:316  0:000   - [04]: Drop table  signature="SSDT" (54445353) table-id="ApCst" (0000007473437041)
1:316  0:000           - set table: 54445353,       7473437041 to drop: no
1:316  0:000   - [05]: Drop table  signature="SSDT" (54445353) table-id="ApIst" (0000007473497041)
1:316  0:000           - set table: 54445353,       7473497041 to drop: no
1:316  0:000   - final DSDT Fix mask=10000000
1:316  0:000  PluginType: 1
1:317  0:000  Using ProductName from config
1:317  0:000  ProductName: MacBookPro9,2
1:317  0:000  BiosVersion: not set, Using BiosVersion from clover
1:317  0:000  BiosVersion: MBP91.88Z.00D7.B00.1708080744
1:317  0:000  BiosReleaseDate: 08/08/2017
1:317  0:000  Using FirmwareFeatures from clover
1:317  0:000  FirmwareFeatures: 0xC00DE137
1:317  0:000  Using FirmwareFeaturesMask from clover
1:317  0:000  FirmwareFeaturesMask: 0xFF1FFF3F
1:317  0:000  PlatformFeature will not set in SMBIOS
1:317  0:000  PlatformFeature: 0xFFFF
2:366  1:049  === [ ScanVolumes ] =======================================
2:366  0:000  Found 16 volumes with blockIO
2:366  0:000  - [00]: Volume: PciRoot(0x0)\Pci(0x14,0x0)\USB(0x11,0x0)
2:366  0:000          Result of bootcode detection: bootable unknown (legacy)
2:366  0:000          USB volume
2:366  0:000  - [01]: Volume: PciRoot(0x0)\Pci(0x14,0x0)\USB(0x11,0x0)\HD(1,MBR,0x8D4D1A0F,0x20,0xA400FC0)
2:366  0:000          Result of bootcode detection: bootable Windows (vista,win)
2:366  0:000          USB volume
2:366  0:000  - [02]: Volume: PciRoot(0x0)\Pci(0x14,0x0)\USB(0x11,0x0)\HD(2,MBR,0x8D4D1A0F,0xA4017E0,0x6A305020)
2:367  0:000          USB volume
2:367  0:000  - [03]: Volume: PciRoot(0x0)\Pci(0x14,0x0)\USB(0x12,0x0)
2:368  0:001          Result of bootcode detection: bootable unknown (legacy)
2:368  0:000          USB volume
2:368  0:000  - [04]: Volume: PciRoot(0x0)\Pci(0x14,0x0)\USB(0x12,0x0)\HD(1,GPT,369E5865-9B8D-45AF-A52E-50CB59206105,0x28,0x64000)
2:369  0:000          Result of bootcode detection: bootable unknown (legacy)
2:369  0:000          USB volume
2:369  0:000          This is SelfVolume !!
2:369  0:000  - [05]: Volume: PciRoot(0x0)\Pci(0x14,0x0)\USB(0x12,0x0)\HD(2,GPT,0A3F45E9-D6EF-410E-86C1-6F149C7ABEE1,0x64028,0xC65DA0)
2:370  0:001          USB volume
2:370  0:000  - [06]: Volume: PciRoot(0x0)\Pci(0x14,0x0)\USB(0x12,0x0)\HD(3,GPT,71B3B0ED-153F-4463-8003-D319866D3FD4,0xCCA000,0x36C1B7)
2:371  0:001          Result of bootcode detection: bootable Linux (linux)
2:371  0:000          USB volume
2:379  0:007  - [07]: Volume: PciRoot(0x0)\Pci(0x17,0x0)\Sata(0x0,0xFFFF,0x0)
2:379  0:000  - [08]: Volume: PciRoot(0x0)\Pci(0x17,0x0)\Sata(0x1,0xFFFF,0x0)
2:434  0:055  - [09]: Volume: PciRoot(0x0)\Pci(0x17,0x0)\Sata(0x0,0xFFFF,0x0)\HD(1,GPT,C8BFBC87-0DDD-4D39-8D28-C66FE436A66A,0x800,0x20000)
2:435  0:000          Result of bootcode detection: bootable Windows (vista,win)
2:436  0:001  - [10]: Volume: PciRoot(0x0)\Pci(0x17,0x0)\Sata(0x0,0xFFFF,0x0)\HD(2,GPT,70EB6829-6C8B-44C6-B90D-A17AF6118129,0x20800,0x8000)
2:437  0:000  - [11]: Volume: PciRoot(0x0)\Pci(0x17,0x0)\Sata(0x0,0xFFFF,0x0)\HD(3,GPT,DD460EBC-D404-4C05-A8A7-A89CC4A20690,0x28800,0xEC9D76B)
2:438  0:000          Result of bootcode detection: bootable Windows (vista,win)
2:438  0:000  - [12]: Volume: PciRoot(0x0)\Pci(0x17,0x0)\Sata(0x0,0xFFFF,0x0)\HD(4,GPT,663FBADF-CBED-4E3E-B75B-F115954DF6CB,0xECC6000,0x1B6000)
2:438  0:000          Result of bootcode detection: bootable Windows (vista,win)
2:438  0:000  - [13]: Volume: PciRoot(0x0)\Pci(0x17,0x0)\Sata(0x1,0xFFFF,0x0)\HD(1,GPT,D2D6B575-DC36-417C-AA2B-F70C11709161,0x800,0x2517DDB0)
2:439  0:001          Result of bootcode detection: bootable Windows (vista,win)
2:439  0:000  - [14]: Volume: PciRoot(0x0)\Pci(0x17,0x0)\Sata(0x1,0xFFFF,0x0)\HD(2,GPT,2A2F5E63-6F6F-41B3-B385-EE0103827205,0x2517E800,0x30D40000)
2:440  0:001          Result of bootcode detection: bootable Windows (vista,win)
2:440  0:000  - [15]: Volume: PciRoot(0x0)\Pci(0x17,0x0)\Sata(0x1,0xFFFF,0x0)\HD(3,GPT,35D0F484-CCFB-4E90-9F6A-F94F1E8C51AB,0x55EBE800,0x1E847800)
2:441  0:001          Result of bootcode detection: bootable Windows (vista,win)
2:442  0:000  PutNvramPlistToRtVars: nvram.plist not found
2:442  0:000  === [ InitTheme ] =========================================
2:442  0:000  GlobalConfig: theme.plist not found, get random theme SimpleThemeDark
2:448  0:005  Using theme 'SimpleThemeDark' (EFI\CLOVER\themes\SimpleThemeDark)
2:448  0:000  OS main and drive as badge
2:450  0:001  Loading font from ThemeDir: Success
2:450  0:000  Choosing theme SimpleThemeDark
2:450  0:000  after NVRAM boot-args=kext-dev-mode=1 dart=0 nv_disable=1
2:450  0:000  === [ Dump SMC keys from NVRAM ] ==========================
2:450  0:000  no AppleSMC protocol
2:450  0:000  === [ AddCustomEntries ] ==================================
2:450  0:000  Custom entry 0 skipped because it is disabled.
2:450  0:000  === [ ScanLoader ] ========================================
2:450  0:000  - [04]: 'UNTITLED'
2:468  0:018          AddLoaderEntry for Volume Name=UNTITLED
2:468  0:000      Not match custom entry 0: Type: not match
2:473  0:005  - [05]: 'Install macOS High Sierra'
2:475  0:001          AddLoaderEntry for Volume Name=Install macOS High Sierra
2:475  0:000      Not match custom entry 0: Type: not match
2:486  0:011  - [06]: 'MULTIBOOT'
2:493  0:007  - [09]: 'SYSTEM'
2:504  0:011          AddLoaderEntry for Volume Name=SYSTEM
2:504  0:000      Not match custom entry 0: Type: not match
2:531  0:026  Scanning legacy ...
2:531  0:000   1: 'Legacy HD1' (vista,win) add legacy
2:531  0:000   added 'Boot Windows from Legacy HD1' OSType=2 Icon=vista,win
2:531  0:000   6: 'MULTIBOOT' (linux) add legacy
2:532  0:000   added 'Boot Linux from MULTIBOOT' OSType=4 Icon=linux
2:532  0:000   9: 'SYSTEM' (vista,win) add legacy
2:533  0:000   added 'Boot Windows from SYSTEM' OSType=2 Icon=vista,win
2:533  0:000  11: 'Legacy HD3' (vista,win) add legacy
2:533  0:000   added 'Boot Windows from Legacy HD3' OSType=2 Icon=vista,win
2:533  0:000  12: 'Legacy HD4' (vista,win) add legacy
2:534  0:000   added 'Boot Windows from Legacy HD4' OSType=2 Icon=vista,win
2:534  0:000  13: 'Legacy HD1' (vista,win) add legacy
2:534  0:000   added 'Boot Windows from Legacy HD1' OSType=2 Icon=vista,win
2:534  0:000  14: 'Legacy HD2' (vista,win) add legacy
2:535  0:000   added 'Boot Windows from Legacy HD2' OSType=2 Icon=vista,win
2:535  0:000  15: 'Legacy HD3' (vista,win) add legacy
2:535  0:000   added 'Boot Windows from Legacy HD3' OSType=2 Icon=vista,win
2:535  0:000  === [ AddCustomTool ] =====================================
2:535  0:000  found tool \EFI\CLOVER\tools\Shell64U.efi
2:535  0:000  Checking EFI partition Volume 4 for Clover
2:535  0:000   Found Clover
2:535  0:000  EmuVariable UninstallEmulation: CloseEvent = Success, original var services restored
2:536  0:000  EmuVariable InstallEmulation: orig vars copied, emu.var.services installed, CreateEvent VirtualAddressChange = Success, CreateEvent ExitBootServices = Success, set Status=Success
2:613  0:076  === [ GetEfiBootDeviceFromNvram ] =========================
2:613  0:000  Default boot entry not found
2:613  0:000  EmuVariable UninstallEmulation: CloseEvent = Success, original var services restored
2:613  0:000  DefaultIndex=-1 and MainMenu.EntryCount=17
2:697  0:084  GUI ready
46:282  43:584  Found UEFI Acpi 2.0 RSDP at 6FA29000
46:282  0:000  Saving ACPI tables from RSDP 6FA29000 to EFI\CLOVER\ACPI\origin ...
46:282  0:000   6FA29000: 'RSD PTR ', Rev: 2 (Acpi 2.0 or newer), Len: 36 -> RSDP.aml
46:376  0:094    (Xsdt: 6FA290B8, Rsdt: 6FA29028)
46:376  0:000    6FA290B8: 'XSDT', 'PARADISE', Rev: 1, Len: 244 -> XSDT.aml
46:462  0:085    6FA29028: 'RSDT', 'PARADISE', Rev: 1, Len: 140 -> RSDT.aml
46:564  0:102    Tables in Xsdt: 26
46:564  0:000    0. 6FA4D708: 'FACP', 'PARADISE', Rev: 6, Len: 276 -> FACP.aml
46:651  0:086        (Dsdt: 6FA29240, Facs: 6FB0CD80, XDsdt: 6FA29240, XFacs: 0)
46:651  0:000        6FA29240: 'DSDT', 'PARADISE', Rev: 2, Len: 148676 -> DSDT.aml
46:809  0:158        6FB0CD80: 'FACS', Ver: 2, Len: 64 -> FACS.aml
46:894  0:085    1. 6FA4D820: 'APIC', 'PARADISE', Rev: 3, Len: 188 -> APIC.aml
46:980  0:085    2. 6FA4D8E0: 'FPDT', 'PARADISE', Rev: 1, Len: 68 -> FPDT.aml
47:071  0:090    3. 6FA4D928: 'FIDT', 'PARADISE', Rev: 1, Len: 156 -> FIDT.aml
47:125  0:054    4. 6FA4D9C8: 'MCFG', 'PARADISE', Rev: 1, Len: 60 -> MCFG.aml
47:211  0:086    5. 6FA4DA08: 'SSDT', 'SataTabl', Rev: 1, Len: 857 -> SSDT-0-SataTabl.aml
47:269  0:057    6. 6FA4DD68: 'MSDM', 'PARADISE', Rev: 3, Len: 85 -> MSDM.aml
47:324  0:055    7. 6FA4DDC0: 'SLIC', 'PARADISE', Rev: 1, Len: 374 -> SLIC.aml
47:379  0:054    8. 6FA4DF38: 'SSDT', 'SaSsdt', Rev: 2, Len: 12662 -> SSDT-1-SaSsdt.aml
47:433  0:054    9. 6FA510B0: 'SSDT', 'PegSsdt', Rev: 2, Len: 10551 -> SSDT-2-PegSsdt.aml
47:507  0:073    10. 6FA539E8: 'HPET', 'KBL', Rev: 1, Len: 56 -> HPET.aml
47:589  0:082    11. 6FA53A20: 'SSDT', 'xh_rvp11', Rev: 2, Len: 2282 -> SSDT-3-xh_rvp11.aml
47:641  0:051    12. 6FA54310: 'UEFI', 'PARADISE', Rev: 1, Len: 66 -> UEFI.aml
47:692  0:050    13. 6FA54358: 'SSDT', 'CpuSsdt', Rev: 2, Len: 3806 -> SSDT-4-CpuSsdt.aml (Found hidden SSDT 7 pcs)
47:746  0:053        * 6F9C1318: 'SSDT', 'Cpu0Ist', Rev: 2, Len: 1617  53 53 44 54 51 06 00 00 02 B5 50 6D 52 65 66 00 Internal length = 1617 -> SSDT-x4_0-Cpu0Ist.aml
47:797  0:050        * 6F382018: 'SSDT', 'ApIst', Rev: 2, Len: 1628  53 53 44 54 5C 06 00 00 02 AF 50 6D 52 65 66 00 Internal length = 1628 -> SSDT-x4_1-ApIst.aml
47:848  0:051        * 6F381018: 'SSDT', 'Cpu0Cst', Rev: 2, Len: 1023  53 53 44 54 FF 03 00 00 02 AF 50 6D 52 65 66 00 Internal length = 1023 -> SSDT-x4_2-Cpu0Cst.aml
47:911  0:062        * 6F381D18: 'SSDT', 'ApCst', Rev: 2, Len: 394  53 53 44 54 8A 01 00 00 02 39 50 6D 52 65 66 00 Internal length = 394 -> SSDT-x4_3-ApCst.aml
47:964  0:053        * 6C360D18: 'SSDT', 'Cpu0Hwp', Rev: 2, Len: 277  53 53 44 54 15 01 00 00 02 AE 50 6D 52 65 66 00 Internal length = 277 -> SSDT-x4_4-Cpu0Hwp.aml
48:053  0:089        * 6C361018: 'SSDT', 'ApHwp', Rev: 2, Len: 407  53 53 44 54 97 01 00 00 02 F1 50 6D 52 65 66 00 Internal length = 407 -> SSDT-x4_5-ApHwp.aml
48:104  0:051        * 6C35ED18: 'SSDT', 'HwpLvt', Rev: 2, Len: 420  53 53 44 54 A4 01 00 00 02 3C 50 6D 52 65 66 00 Internal length = 420 -> SSDT-x4_6-HwpLvt.aml
48:155  0:050  
48:155  0:000    14. 6FA55238: 'LPIT', 'KBL', Rev: 1, Len: 148 -> LPIT.aml
48:206  0:050    15. 6FA552D0: 'SSDT', 'HdaDsp', Rev: 2, Len: 321 -> SSDT-5-HdaDsp.aml
48:273  0:067    16. 6FA55418: 'SSDT', 'sensrhub', Rev: 2, Len: 671 -> SSDT-6-sensrhub.aml
48:324  0:051    17. 6FA556B8: 'SSDT', 'TbtTypeC', Rev: 2, Len: 1303 -> SSDT-7-TbtTypeC.aml
48:375  0:050    18. 6FA55BD0: 'DBGP', '', Rev: 1, Len: 52 -> DBGP.aml
48:426  0:050    19. 6FA55C08: 'DBG2', '', Rev: 0, Len: 97 -> DBG2.aml
48:479  0:052    20. 6FA55C70: 'SSDT', 'SgPeg', Rev: 2, Len: 174 -> SSDT-8-SgPeg.aml
48:530  0:051    21. 6FA55D20: 'DMAR', 'KBL', Rev: 1, Len: 168 -> DMAR.aml
48:580  0:050    22. 6FA55DC8: 'TPM2', 'PARADISE', Rev: 3, Len: 52 -> TPM2.aml
48:631  0:051    23. 6FA55E00: 'BGRT', 'PARADISE', Rev: 1, Len: 56 -> BGRT.aml
48:718  0:086    24. 6FA55E38: 'SSDT', 'OptTabl', Rev: 1, Len: 7643 -> SSDT-9-OptTabl.aml
48:788  0:069    25. 6FA57C18: 'WSMT', 'PARADISE', Rev: 1, Len: 40 -> WSMT.aml
48:842  0:054    Tables in Rsdt: 26
48:842  0:000    0. 6FA291B8: 'FACP', 'PARADISE', Rev: 2, Len: 132 -> RSDT-FACP.aml
48:928  0:085        (Dsdt: 6FA29240, Facs: 6FB0CD40)
48:928  0:000        6FA29240: 'DSDT', 'PARADISE', Rev: 2, Len: 148676
48:930  0:002        6FB0CD40: 'FACS', Ver: 0, Len: 64 -> RSDT-FACS.aml
49:019  0:088    1. 6FA4D820: 'APIC', 'PARADISE', Rev: 3, Len: 188
49:019  0:000    2. 6FA4D8E0: 'FPDT', 'PARADISE', Rev: 1, Len: 68
49:019  0:000    3. 6FA4D928: 'FIDT', 'PARADISE', Rev: 1, Len: 156
49:019  0:000    4. 6FA4D9C8: 'MCFG', 'PARADISE', Rev: 1, Len: 60
49:019  0:000    5. 6FA4DA08: 'SSDT', 'SataTabl', Rev: 1, Len: 857
49:019  0:000    6. 6FA4DD68: 'MSDM', 'PARADISE', Rev: 3, Len: 85
49:019  0:000    7. 6FA4DDC0: 'SLIC', 'PARADISE', Rev: 1, Len: 374
49:019  0:000    8. 6FA4DF38: 'SSDT', 'SaSsdt', Rev: 2, Len: 12662
49:019  0:000    9. 6FA510B0: 'SSDT', 'PegSsdt', Rev: 2, Len: 10551
49:019  0:000    10. 6FA539E8: 'HPET', 'KBL', Rev: 1, Len: 56
49:019  0:000    11. 6FA53A20: 'SSDT', 'xh_rvp11', Rev: 2, Len: 2282
49:019  0:000    12. 6FA54310: 'UEFI', 'PARADISE', Rev: 1, Len: 66
49:019  0:000    13. 6FA54358: 'SSDT', 'CpuSsdt', Rev: 2, Len: 3806
49:019  0:000    14. 6FA55238: 'LPIT', 'KBL', Rev: 1, Len: 148
49:019  0:000    15. 6FA552D0: 'SSDT', 'HdaDsp', Rev: 2, Len: 321
49:019  0:000    16. 6FA55418: 'SSDT', 'sensrhub', Rev: 2, Len: 671
49:019  0:000    17. 6FA556B8: 'SSDT', 'TbtTypeC', Rev: 2, Len: 1303
49:019  0:000    18. 6FA55BD0: 'DBGP', '', Rev: 1, Len: 52
49:019  0:000    19. 6FA55C08: 'DBG2', '', Rev: 0, Len: 97
49:019  0:000    20. 6FA55C70: 'SSDT', 'SgPeg', Rev: 2, Len: 174
49:019  0:000    21. 6FA55D20: 'DMAR', 'KBL', Rev: 1, Len: 168
49:019  0:000    22. 6FA55DC8: 'TPM2', 'PARADISE', Rev: 3, Len: 52
49:019  0:000    23. 6FA55E00: 'BGRT', 'PARADISE', Rev: 1, Len: 56
49:019  0:000    24. 6FA55E38: 'SSDT', 'OptTabl', Rev: 1, Len: 7643
49:019  0:000    25. 6FA57C18: 'WSMT', 'PARADISE', Rev: 1, Len: 40
49:019  0:000  Found UEFI Acpi 1.0 RSDP at 6FA29000
49:019  0:000  Printing ACPI tables from RSDP 6FA29000 ...
49:019  0:000   6FA29000: 'RSD PTR ', Rev: 2 (Acpi 2.0 or newer), Len: 36
49:019  0:000    (Xsdt: 6FA290B8, Rsdt: 6FA29028)
49:019  0:000    6FA290B8: 'XSDT', 'PARADISE', Rev: 1, Len: 244
49:019  0:000    6FA29028: 'RSDT', 'PARADISE', Rev: 1, Len: 140
49:019  0:000    Tables in Xsdt: 26
49:019  0:000    0. 6FA4D708: 'FACP', 'PARADISE', Rev: 6, Len: 276
49:019  0:000        (Dsdt: 6FA29240, Facs: 6FB0CD80, XDsdt: 6FA29240, XFacs: 0)
49:019  0:000        6FA29240: 'DSDT', 'PARADISE', Rev: 2, Len: 148676
49:022  0:002        6FB0CD80: 'FACS', Ver: 2, Len: 64
49:022  0:000    1. 6FA4D820: 'APIC', 'PARADISE', Rev: 3, Len: 188
49:022  0:000    2. 6FA4D8E0: 'FPDT', 'PARADISE', Rev: 1, Len: 68
49:022  0:000    3. 6FA4D928: 'FIDT', 'PARADISE', Rev: 1, Len: 156
49:022  0:000    4. 6FA4D9C8: 'MCFG', 'PARADISE', Rev: 1, Len: 60
49:022  0:000    5. 6FA4DA08: 'SSDT', 'SataTabl', Rev: 1, Len: 857
49:022  0:000    6. 6FA4DD68: 'MSDM', 'PARADISE', Rev: 3, Len: 85
49:022  0:000    7. 6FA4DDC0: 'SLIC', 'PARADISE', Rev: 1, Len: 374
49:022  0:000    8. 6FA4DF38: 'SSDT', 'SaSsdt', Rev: 2, Len: 12662
49:022  0:000    9. 6FA510B0: 'SSDT', 'PegSsdt', Rev: 2, Len: 10551
49:022  0:000    10. 6FA539E8: 'HPET', 'KBL', Rev: 1, Len: 56
49:022  0:000    11. 6FA53A20: 'SSDT', 'xh_rvp11', Rev: 2, Len: 2282
49:022  0:000    12. 6FA54310: 'UEFI', 'PARADISE', Rev: 1, Len: 66
49:022  0:000    13. 6FA54358: 'SSDT', 'CpuSsdt', Rev: 2, Len: 3806
49:022  0:000    14. 6FA55238: 'LPIT', 'KBL', Rev: 1, Len: 148
49:022  0:000    15. 6FA552D0: 'SSDT', 'HdaDsp', Rev: 2, Len: 321
49:022  0:000    16. 6FA55418: 'SSDT', 'sensrhub', Rev: 2, Len: 671
49:022  0:000    17. 6FA556B8: 'SSDT', 'TbtTypeC', Rev: 2, Len: 1303
49:022  0:000    18. 6FA55BD0: 'DBGP', '', Rev: 1, Len: 52
49:022  0:000    19. 6FA55C08: 'DBG2', '', Rev: 0, Len: 97
49:022  0:000    20. 6FA55C70: 'SSDT', 'SgPeg', Rev: 2, Len: 174
49:022  0:000    21. 6FA55D20: 'DMAR', 'KBL', Rev: 1, Len: 168
49:022  0:000    22. 6FA55DC8: 'TPM2', 'PARADISE', Rev: 3, Len: 52
49:022  0:000    23. 6FA55E00: 'BGRT', 'PARADISE', Rev: 1, Len: 56
49:022  0:000    24. 6FA55E38: 'SSDT', 'OptTabl', Rev: 1, Len: 7643
49:022  0:000    25. 6FA57C18: 'WSMT', 'PARADISE', Rev: 1, Len: 40
49:022  0:000    Tables in Rsdt: 26
49:022  0:000    0. 6FA291B8: 'FACP', 'PARADISE', Rev: 2, Len: 132
49:022  0:000        (Dsdt: 6FA29240, Facs: 6FB0CD40)
49:022  0:000        6FA29240: 'DSDT', 'PARADISE', Rev: 2, Len: 148676
49:024  0:002        6FB0CD40: 'FACS', Ver: 0, Len: 64
49:024  0:000    1. 6FA4D820: 'APIC', 'PARADISE', Rev: 3, Len: 188
49:024  0:000    2. 6FA4D8E0: 'FPDT', 'PARADISE', Rev: 1, Len: 68
49:024  0:000    3. 6FA4D928: 'FIDT', 'PARADISE', Rev: 1, Len: 156
49:024  0:000    4. 6FA4D9C8: 'MCFG', 'PARADISE', Rev: 1, Len: 60
49:024  0:000    5. 6FA4DA08: 'SSDT', 'SataTabl', Rev: 1, Len: 857
49:024  0:000    6. 6FA4DD68: 'MSDM', 'PARADISE', Rev: 3, Len: 85
49:024  0:000    7. 6FA4DDC0: 'SLIC', 'PARADISE', Rev: 1, Len: 374
49:024  0:000    8. 6FA4DF38: 'SSDT', 'SaSsdt', Rev: 2, Len: 12662
49:024  0:000    9. 6FA510B0: 'SSDT', 'PegSsdt', Rev: 2, Len: 10551
49:024  0:000    10. 6FA539E8: 'HPET', 'KBL', Rev: 1, Len: 56
49:024  0:000    11. 6FA53A20: 'SSDT', 'xh_rvp11', Rev: 2, Len: 2282
49:024  0:000    12. 6FA54310: 'UEFI', 'PARADISE', Rev: 1, Len: 66
49:024  0:000    13. 6FA54358: 'SSDT', 'CpuSsdt', Rev: 2, Len: 3806
49:024  0:000    14. 6FA55238: 'LPIT', 'KBL', Rev: 1, Len: 148
49:024  0:000    15. 6FA552D0: 'SSDT', 'HdaDsp', Rev: 2, Len: 321
49:024  0:000    16. 6FA55418: 'SSDT', 'sensrhub', Rev: 2, Len: 671
49:024  0:000    17. 6FA556B8: 'SSDT', 'TbtTypeC', Rev: 2, Len: 1303
49:024  0:000    18. 6FA55BD0: 'DBGP', '', Rev: 1, Len: 52
49:024  0:000    19. 6FA55C08: 'DBG2', '', Rev: 0, Len: 97
49:024  0:000    20. 6FA55C70: 'SSDT', 'SgPeg', Rev: 2, Len: 174
49:024  0:000    21. 6FA55D20: 'DMAR', 'KBL', Rev: 1, Len: 168
49:024  0:000    22. 6FA55DC8: 'TPM2', 'PARADISE', Rev: 3, Len: 52
49:024  0:000    23. 6FA55E00: 'BGRT', 'PARADISE', Rev: 1, Len: 56
49:024  0:000    24. 6FA55E38: 'SSDT', 'OptTabl', Rev: 1, Len: 7643
49:024  0:000    25. 6FA57C18: 'WSMT', 'PARADISE', Rev: 1, Len: 40
68:424  19:399  Boot option Boot0000 not found
68:424  0:000  === [ StartLoader ] =======================================
68:424  0:000  Finally: ExternalClock=25MHz BusSpeed=100299kHz CPUFreq=-4294964488MHz PIS: hw.busfrequency=100000000Hz
68:424  0:000  Loading grubx64.efi  status=Success
68:514  0:089  Closing events for Linux
68:514  0:000  EmuVariable UninstallEmulation: CloseEvent = Invalid Parameter, original var services restored
68:514  0:000  OtherOS: Found Acpi 2.0 RSDP 0x6FA29000
68:514  0:000  RSDT at 6FA29028
68:514  0:000  XSDT at 6FA290B8
68:514  0:000  FADT pointer = 6FA4D708
68:514  0:000  Dir Linux not found. No patching will be done.
68:514  0:000  Custom boot is disabled
68:514  0:000  Closing log
