videotest: font video gfxmenu
odc: archelp
macho:
loopback: extcmd
gcry_des: crypto
memrw: extcmd
terminfo: extcmd
part_gpt:
romfs: fshelp
read:
lsefimmap:
gcry_arcfour: crypto
aout:
tftp: net priority_queue
newc: archelp
minix2_be:
elf:
videotest_checksum: font functional_test video_fb
password_pbkdf2: crypto gcry_sha512 pbkdf2 normal
gcry_seed: crypto
pcidump: extcmd
bsd: elf serial crypto gcry_md5 extcmd video boot aout cpuid relocator mmap
sfs: fshelp
reiserfs: fshelp
part_sunpc:
gfxmenu: video_colors trig bitmap_scale gfxterm font normal video bitmap
backtrace:
jfs:
help: extcmd normal
gfxterm_menu: font functional_test procfs normal video_fb
gcry_idea: crypto
cbls: cbtable
configfile: normal
tr: extcmd
shift_test: functional_test
spkmodem: terminfo
ohci: cs5536 usb boot
afs: fshelp
xzio: crypto
usb_keyboard: usb keylayouts
syslinuxcfg: extcmd normal
search_fs_file:
usbms: scsi usb
test_blockarg: extcmd normal
true:
affs: fshelp
iso9660: fshelp
exfat: fshelp
setjmp_test: functional_test setjmp
gfxterm: font video
efinet: net
disk:
appleldr: boot
xfs: fshelp
testspeed: extcmd normal
functional_test: btrfs extcmd video video_fb
cpio_be: archelp
bswap_test: functional_test
sleep: extcmd normal
memdisk:
gcry_rijndael: crypto
mdraid09_be: diskfilter
gettext:
gcry_sha1: crypto
random: hexdump
offsetio:
hfspluscomp: gzio hfsplus
file: macho elf extcmd offsetio
cmp:
video_colors:
usbserial_usbdebug: serial usb usbserial_common
morse:
usb:
hashsum: crypto extcmd normal
halt: acpi
search_fs_uuid:
gfxterm_background: video_colors bitmap_scale gfxterm extcmd video bitmap
gcry_dsa: verify mpi
linux: video boot relocator mmap
keystatus: extcmd
geli: cryptodisk crypto gcry_sha512 pbkdf2 gcry_sha256
cmdline_cat_test: font functional_test procfs normal video_fb
part_sun:
cbtable:
pbkdf2_test: functional_test pbkdf2 gcry_sha1
video_bochs: video video_fb
bufio:
usbserial_ftdi: serial usb usbserial_common
legacy_password_test: functional_test legacycfg
cpuid: extcmd
hdparm: extcmd
gcry_blowfish: crypto
bfs: fshelp
test:
nilfs2: fshelp
gcry_rsa: verify mpi
cryptodisk: crypto extcmd procfs
signature_test: functional_test procfs
nativedisk:
minicmd:
ata: scsi
udf: fshelp
gzio:
xnu_uuid: gcry_md5
uhci: usb
terminal:
pata: ata
mul_test: functional_test
adler32: crypto
div:
ehci: cs5536 usb boot
crypto:
part_bsd: part_msdos
cs5536:
gcry_sha512: crypto
password: crypto normal
fshelp:
xnu: macho bitmap_scale random extcmd video bitmap boot relocator mmap
sleep_test: functional_test datetime
mmap:
iorw: extcmd
exfctest: functional_test
zfsinfo: zfs
ldm: part_gpt diskfilter part_msdos
eval: normal
part_dvh:
lssal:
ext2: fshelp
blocklist:
net: priority_queue bufio datetime boot
part_acorn:
videoinfo: video
btrfs: lzopio gzio
lsmmap: mmap
bitmap:
ntfs: fshelp
multiboot: net video boot relocator mmap
gcry_crc: crypto
png: bufio bitmap
macbless: disk
jpeg: bufio bitmap
regexp: extcmd normal
parttool: normal
div_test: functional_test div
usbserial_pl2303: serial usb usbserial_common
cpio: archelp
gcry_rmd160: crypto
fat: fshelp
ufs1_be:
archelp:
zfs: gzio
raid6rec: diskfilter
http: net
lsefisystab:
minix2:
lsacpi: extcmd acpi
loadenv: disk extcmd
datehook: datetime normal
bitmap_scale: bitmap
probe: extcmd
minix3:
tar: archelp
procfs: archelp
loadbios:
hfs: fshelp
boot:
keylayouts:
progress: normal
kernel:
usbtest: usb
relocator: mmap
acpi: extcmd mmap
tga: bufio bitmap
reboot:
serial: extcmd terminfo
zfscrypt: crypto pbkdf2 zfs extcmd gcry_sha1 gcry_rijndael
luks: cryptodisk crypto pbkdf2
efi_uga: video video_fb
dm_nv: diskfilter
cmp_test: functional_test
font: bufio video
raid5rec: diskfilter
datetime:
crc64: crypto
video:
efifwsetup: reboot
ctz_test: functional_test
cbmemc: normal cbtable terminfo
hfsplus: fshelp
gcry_cast5: crypto
extcmd:
squash4: fshelp lzopio xzio gzio
part_plan:
minix_be:
gcry_whirlpool: crypto
gcry_tiger: crypto
fixvideo:
video_fb:
verify: crypto extcmd mpi gcry_sha1
search: search_fs_uuid search_fs_file extcmd search_label
lspci: extcmd
cbtime: cbtable
trig:
minix3_be:
priority_queue:
msdospart: disk parttool
gcry_twofish: crypto
part_dfly:
xnu_uuid_test: functional_test
diskfilter:
testload:
part_apple:
hexdump: extcmd
pbkdf2: crypto
gcry_sha256: crypto
date: datetime normal
usbserial_common: serial usb
ls: extcmd normal
ntfscomp: ntfs
lzopio: crypto
video_cirrus: video video_fb
scsi:
hello: extcmd
normal: terminal crypto bufio extcmd boot gettext
linux16: video boot relocator mmap
ahci: ata boot
cat: extcmd
ufs1:
mdraid09: diskfilter
lvm: diskfilter
chain: net efinet boot
cbfs: archelp
ufs2:
time:
setpci: extcmd
search_label:
gptsync: disk
setjmp:
multiboot2: net video boot relocator mmap acpi
gcry_rfc2268: crypto
mpi: crypto
mdraid1x: diskfilter
legacycfg: password crypto gcry_md5 normal
play:
part_amiga:
efi_gop: video video_fb
minix:
echo: extcmd
lsefi:
gcry_serpent: crypto
gcry_md4: crypto
gcry_md5: crypto
part_msdos:
gcry_camellia: crypto
at_keyboard: keylayouts boot
all_video: efi_gop efi_uga video_bochs video_cirrus
